Arguments: 
  /usr/local/bin/node /usr/local/Cellar/yarn/1.19.0/libexec/bin/yarn.js add --dev prettier

PATH: 
  /usr/local/bin:/usr/bin:/bin:/usr/sbin:/sbin:/usr/local/share/dotnet:/usr/local/mysql/bin:~/.dotnet/tools:/Library/Frameworks/Mono.framework/Versions/Current/Commands:/Applications/Xamarin Workbooks.app/Contents/SharedSupport/path-bin

Yarn version: 
  1.19.0

Node version: 
  10.15.3

Platform: 
  darwin x64

Trace: 
  SyntaxError: /Users/bang9/Desktop/react-native-kakao-logo/package.json: Unexpected string in JSON at position 423
      at JSON.parse (<anonymous>)
      at /usr/local/Cellar/yarn/1.19.0/libexec/lib/cli.js:1625:59
      at Generator.next (<anonymous>)
      at step (/usr/local/Cellar/yarn/1.19.0/libexec/lib/cli.js:304:30)
      at /usr/local/Cellar/yarn/1.19.0/libexec/lib/cli.js:315:13

npm manifest: 
  {
    "name": "react-native-kakao-logo",
    "version": "1.0.0",
    "description": "(not official) kakao svg-logo for react-native",
    "main": "src/index.js",
    "types": "src/index.d.ts",
    "repository": "https://github.com/bang9/react-native-kakao-logo",
    "author": "bang9dev <gusrn1423@naver.com>",
    "license": "MIT",
    "private": false,
    "scripts": {
      "build": "tsc",
      "deploy": "tsc && yarn fix && npm publish"
      "fix": "prettier --write \"**/*.{ts,tsx,js}\""
    },
    "devDependencies": {
      "@types/react": "^16.9.19",
      "@types/react-native": "^0.61.14",
      "react-native-svg": "^11.0.1",
      "typescript": "^3.7.5"
    },
    "peerDependencies": {
      "react": "*",
      "react-native": "*",
      "react-native-svg": "*"
    },
    "keywords": [
        "react",
        "react-native",
        "kakao-svg",
        "kakao-svg-logo",
        "kakao",
        "kakao-logins",
        "kakao-logo"
    ]
  }

yarn manifest: 
  No manifest

Lockfile: 
  # THIS IS AN AUTOGENERATED FILE. DO NOT EDIT THIS FILE DIRECTLY.
  # yarn lockfile v1
  
  
  "@types/prop-types@*":
    version "15.7.3"
    resolved "https://registry.yarnpkg.com/@types/prop-types/-/prop-types-15.7.3.tgz#2ab0d5da2e5815f94b0b9d4b95d1e5f243ab2ca7"
    integrity sha512-KfRL3PuHmqQLOG+2tGpRO26Ctg+Cq1E01D2DMriKEATHgWLfeNDmq9e29Q9WIky0dQ3NPkd1mzYH8Lm936Z9qw==
  
  "@types/react-native@^0.61.14":
    version "0.61.14"
    resolved "https://registry.yarnpkg.com/@types/react-native/-/react-native-0.61.14.tgz#f81c188a569a8e6b7976875ad298f6c14d3e3d24"
    integrity sha512-nScK4ScGibADx4fEjkM9ps1q3ij7OAbkaINJ/jwBNrwQg19RPB1fHTrh7r4KBsHn+ile/j2KPwyQm/H7DbConQ==
    dependencies:
      "@types/react" "*"
  
  "@types/react@*", "@types/react@^16.9.19":
    version "16.9.19"
    resolved "https://registry.yarnpkg.com/@types/react/-/react-16.9.19.tgz#c842aa83ea490007d29938146ff2e4d9e4360c40"
    integrity sha512-LJV97//H+zqKWMms0kvxaKYJDG05U2TtQB3chRLF8MPNs+MQh/H1aGlyDUxjaHvu08EAGerdX2z4LTBc7ns77A==
    dependencies:
      "@types/prop-types" "*"
      csstype "^2.2.0"
  
  boolbase@^1.0.0, boolbase@~1.0.0:
    version "1.0.0"
    resolved "https://registry.yarnpkg.com/boolbase/-/boolbase-1.0.0.tgz#68dff5fbe60c51eb37725ea9e3ed310dcc1e776e"
    integrity sha1-aN/1++YMUes3cl6p4+0xDcwed24=
  
  css-select@^2.1.0:
    version "2.1.0"
    resolved "https://registry.yarnpkg.com/css-select/-/css-select-2.1.0.tgz#6a34653356635934a81baca68d0255432105dbef"
    integrity sha512-Dqk7LQKpwLoH3VovzZnkzegqNSuAziQyNZUcrdDM401iY+R5NkGBXGmtO05/yaXQziALuPogeG0b7UAgjnTJTQ==
    dependencies:
      boolbase "^1.0.0"
      css-what "^3.2.1"
      domutils "^1.7.0"
      nth-check "^1.0.2"
  
  css-tree@^1.0.0-alpha.39:
    version "1.0.0-alpha.39"
    resolved "https://registry.yarnpkg.com/css-tree/-/css-tree-1.0.0-alpha.39.tgz#2bff3ffe1bb3f776cf7eefd91ee5cba77a149eeb"
    integrity sha512-7UvkEYgBAHRG9Nt980lYxjsTrCyHFN53ky3wVsDkiMdVqylqRt+Zc+jm5qw7/qyOvN2dHSYtX0e4MbCCExSvnA==
    dependencies:
      mdn-data "2.0.6"
      source-map "^0.6.1"
  
  css-what@^3.2.1:
    version "3.2.1"
    resolved "https://registry.yarnpkg.com/css-what/-/css-what-3.2.1.tgz#f4a8f12421064621b456755e34a03a2c22df5da1"
    integrity sha512-WwOrosiQTvyms+Ti5ZC5vGEK0Vod3FTt1ca+payZqvKuGJF+dq7bG63DstxtN0dpm6FxY27a/zS3Wten+gEtGw==
  
  csstype@^2.2.0:
    version "2.6.9"
    resolved "https://registry.yarnpkg.com/csstype/-/csstype-2.6.9.tgz#05141d0cd557a56b8891394c1911c40c8a98d098"
    integrity sha512-xz39Sb4+OaTsULgUERcCk+TJj8ylkL4aSVDQiX/ksxbELSqwkgt4d4RD7fovIdgJGSuNYqwZEiVjYY5l0ask+Q==
  
  dom-serializer@0:
    version "0.2.2"
    resolved "https://registry.yarnpkg.com/dom-serializer/-/dom-serializer-0.2.2.tgz#1afb81f533717175d478655debc5e332d9f9bb51"
    integrity sha512-2/xPb3ORsQ42nHYiSunXkDjPLBaEj/xTwUO4B7XCZQTRk7EBtTOPaygh10YAAh2OI1Qrp6NWfpAhzswj0ydt9g==
    dependencies:
      domelementtype "^2.0.1"
      entities "^2.0.0"
  
  domelementtype@1:
    version "1.3.1"
    resolved "https://registry.yarnpkg.com/domelementtype/-/domelementtype-1.3.1.tgz#d048c44b37b0d10a7f2a3d5fee3f4333d790481f"
    integrity sha512-BSKB+TSpMpFI/HOxCNr1O8aMOTZ8hT3pM3GQ0w/mWRmkhEDSFJkkyzz4XQsBV44BChwGkrDfMyjVD0eA2aFV3w==
  
  domelementtype@^2.0.1:
    version "2.0.1"
    resolved "https://registry.yarnpkg.com/domelementtype/-/domelementtype-2.0.1.tgz#1f8bdfe91f5a78063274e803b4bdcedf6e94f94d"
    integrity sha512-5HOHUDsYZWV8FGWN0Njbr/Rn7f/eWSQi1v7+HsUVwXgn8nWWlL64zKDkS0n8ZmQ3mlWOMuXOnR+7Nx/5tMO5AQ==
  
  domutils@^1.7.0:
    version "1.7.0"
    resolved "https://registry.yarnpkg.com/domutils/-/domutils-1.7.0.tgz#56ea341e834e06e6748af7a1cb25da67ea9f8c2a"
    integrity sha512-Lgd2XcJ/NjEw+7tFvfKxOzCYKZsdct5lczQ2ZaQY8Djz7pfAD3Gbp8ySJWtreII/vDlMVmxwa6pHmdxIYgttDg==
    dependencies:
      dom-serializer "0"
      domelementtype "1"
  
  entities@^2.0.0:
    version "2.0.0"
    resolved "https://registry.yarnpkg.com/entities/-/entities-2.0.0.tgz#68d6084cab1b079767540d80e56a39b423e4abf4"
    integrity sha512-D9f7V0JSRwIxlRI2mjMqufDrRDnx8p+eEOz7aUM9SuvF8gsBzra0/6tbjl1m8eQHrZlYj6PxqE00hZ1SAIKPLw==
  
  mdn-data@2.0.6:
    version "2.0.6"
    resolved "https://registry.yarnpkg.com/mdn-data/-/mdn-data-2.0.6.tgz#852dc60fcaa5daa2e8cf6c9189c440ed3e042978"
    integrity sha512-rQvjv71olwNHgiTbfPZFkJtjNMciWgswYeciZhtvWLO8bmX3TnhyA62I6sTWOyZssWHJJjY6/KiWwqQsWWsqOA==
  
  nth-check@^1.0.2:
    version "1.0.2"
    resolved "https://registry.yarnpkg.com/nth-check/-/nth-check-1.0.2.tgz#b2bd295c37e3dd58a3bf0700376663ba4d9cf05c"
    integrity sha512-WeBOdju8SnzPN5vTUJYxYUxLeXpCaVP5i5e0LF8fg7WORF2Wd7wFX/pk0tYZk7s8T+J7VLy0Da6J1+wCT0AtHg==
    dependencies:
      boolbase "~1.0.0"
  
  react-native-svg@^11.0.1:
    version "11.0.1"
    resolved "https://registry.yarnpkg.com/react-native-svg/-/react-native-svg-11.0.1.tgz#e92e7e9f9cb2604333fd5014fd4edcf62fea6496"
    integrity sha512-XriIwSoe9eTtKyqxpNC6POSOqmXAB9mZQOm5tMoaimEqQOMfzgYrBoF9nY6VPGmaH5dRlWBqnnBf389APiZFcQ==
    dependencies:
      css-select "^2.1.0"
      css-tree "^1.0.0-alpha.39"
  
  source-map@^0.6.1:
    version "0.6.1"
    resolved "https://registry.yarnpkg.com/source-map/-/source-map-0.6.1.tgz#74722af32e9614e9c287a8d0bbde48b5e2f1a263"
    integrity sha512-UjgapumWlbMhkBgzT7Ykc5YXUT46F0iKu8SGXq0bcwP5dz/h0Plj6enJqjz1Zbq2l5WaqYnrVbwWOWMyF3F47g==
  
  typescript@^3.7.5:
    version "3.7.5"
    resolved "https://registry.yarnpkg.com/typescript/-/typescript-3.7.5.tgz#0692e21f65fd4108b9330238aac11dd2e177a1ae"
    integrity sha512-/P5lkRXkWHNAbcJIiHPfRoKqyd7bsyCma1hZNUGfn20qm64T6ZBlrzprymeu918H+mB/0rIg2gGK/BXkhhYgBw==
